<?xml version="1.0" encoding="UTF-8"?>
<testsuite name="jp.ac.uryukyu.ie.e195701.EnemyTest" tests="1" skipped="0" failures="0" errors="0" timestamp="2019-12-24T01:25:00" hostname="MacBook-Tori.local" time="0.019">
  <properties/>
  <testcase name="attack()" classname="jp.ac.uryukyu.ie.e195701.EnemyTest" time="0.019"/>
  <system-out><![CDATA[テストスライムが　あらわれた！

]]></system-out>
  <system-err><![CDATA[]]></system-err>
</testsuite>
